976.0000
984.0000
872.9999
957.0001
960.6666
958.0000
945.0000
754.6667
973.0000
944.0000
969.0000
971.0000
971.0000
802.9999
951.6667
878.0000
880.0000
962.0000
965.5000
816.0000
957.0000
965.6667
736.5000
946.7500
988.2500
961.0000
999.0001
939.2500
950.0000
958.0000
936.0000
893.5000
974.5000
974.0000
958.0000
992.0001
979.5000
964.0000
973.2000
730.0000
907.0000
994.0001
975.6667
955.6666
921.5000
899.5000
934.0000
986.6667
926.5000
936.0000
838.5000
970.4000
925.5000
952.6666
928.9999
894.0000
951.5000
891.0000
937.5000
963.6667
959.0000
985.5000
956.2000
965.5000
939.0000
967.0000
977.0000
968.0000
980.0000
976.9999
964.0000
958.2500
965.5000
956.5000
949.5000
952.3334
974.0000
880.0000
911.9999
935.6667
949.0001
986.5000
850.6667
992.9999
825.9999
963.6000
929.3334
960.5000
901.0000
-.-
932.6667
893.0000
951.3333
934.9999
980.5000
979.3333
933.0000
952.6667
968.0000
971.0000
916.0000
950.3333
981.0001
969.6667
965.0000
942.0000
896.0000
946.5000
961.8000
897.5000
954.1429
965.5000
955.0000
940.0000
964.0000
684.0000
278.0000
818.5000
957.7500
942.5000
965.2000
952.0000
910.3333
980.7143
974.0000
986.6666
913.0000
989.8000
936.0000
865.0000
962.0000
967.9999
975.0000
948.3334
926.0000
941.6667
924.5000
926.0000
949.0000
960.3333
957.3333
990.0000
952.5000
949.5000
870.0000
921.9999
974.6000
952.5000
985.0000
793.0000
986.0000
889.0000
740.0001
973.0000
985.0000
957.0000
946.0000
944.6666
953.9999
934.0000
772.5000
981.5000
946.6000
945.5000
986.0000
978.5000
945.5000
943.9999
940.5000
895.9999
963.5000
966.0000
967.3334
830.5000
938.0000
807.0000
476.0000
974.3333
975.5000
960.5000
950.5000
953.0000
963.2000
956.5000
949.0000
976.5000
969.9999
934.0000
918.5000
963.0000
993.2500
972.0000
225.0000
944.6667
942.5000
944.6667
981.0000
919.0000
930.5000
939.1428
966.0000
861.0000
976.0000
955.3333
873.0000
970.0000
963.0000
956.5000
960.5000
977.3333
949.0000
980.3333
902.0000
980.5000
957.3333
961.0000
948.0000
953.5000
943.6667
653.0000
934.0000
925.0000
960.0000
988.0000
920.0000
847.0000
978.0000
970.0000
944.0000
962.0000
953.3333
817.3334
627.0000
966.3333
972.5000
952.0000
956.6667
925.0000
950.2500
948.3333
963.5000
928.3333
899.0000
976.5000
951.6666
972.3334
952.3333
900.0000
988.0000
885.9999
962.3333
972.7500
954.0000
949.0000
976.0000
878.3334
878.0000
927.5000
973.5000
932.0000
956.9999
931.0000
843.3333
937.5000
929.0000
984.5000
956.6666
969.8000
981.3333
461.0000
987.5000
969.5000
917.0000
959.7500
954.0000
936.6666
966.2000
950.0000
866.0000
969.0000
950.0000
970.5000
945.0000
951.0000
980.0000
960.9999
886.9999
961.0000
889.5000
976.0000
926.4000
924.5000
920.6666
806.0001
984.5000
936.0000
994.0000
933.5000
969.0000
983.0000
699.0000
953.0000
982.0001
873.0000
929.5000
552.9999
712.9999
969.5000
937.0000
824.5000
967.0000
883.9999
943.5000
952.6000
952.6667
966.0000
956.0000
874.0000
963.6667
948.5000
712.5000
948.0001
955.3333
930.0000
992.9999
927.0001
982.0000
942.3333
753.9999
943.3334
835.9999
961.4000
972.7500
966.3333
947.0000
872.9999
898.0000
527.0000
918.0000
968.0000
960.0000
935.0000
950.0000
928.0000
951.0001
958.2000
984.9999
904.5000
936.0001
931.5000
965.3333
938.6667
905.0000
962.0000
944.7500
942.0000
978.0001
975.7500
962.0000
982.3334
958.0000
959.5000
950.2500
945.2500
984.5000
979.6667
965.2857
936.0000
946.0000
951.5000
911.0000
953.5000
993.0000
946.0000
989.0001
724.0000
939.0000
935.3333
971.0000
706.5000
912.0000
978.6667
979.9999
926.0000
944.5000
972.5000
937.0000
973.0000
959.6667
925.2500
882.0000
930.0000
898.0000
979.0000
981.7500
872.0001
979.0000
953.0000
994.0001
939.5000
925.0000
985.0001
863.0000
942.5000
984.0000
929.9999
927.5000
952.3333
976.5000
954.0001
946.5000
940.2500
959.5000
906.0000
884.5000
964.0000
959.3334
979.0001
971.0000
961.2000
960.6667
945.5000
808.9999
930.0000
940.6667
879.0000
958.7500
916.0001
916.0000
942.9999
965.5000
984.3333
903.5000
939.3333
922.3334
342.9999
963.9999
913.9999
930.0001
934.0000
932.0000
965.7500
953.0000
932.0000
951.0000
872.0000
893.0000
912.8000
982.2500
957.0000
923.5000
922.0000
957.0000
938.2000
968.6667
925.9999
963.0000
979.6666
981.6667
954.5000
968.2000
833.0000
949.0000
918.5000
974.6667
984.5000
942.3334
810.0000
986.9999
919.0000
925.0000
993.0000
961.0000
959.0000
970.0000
961.0000
900.0000
958.9999
977.9999
963.3334
334.0001
818.5000
879.5000
967.2500
741.0001
965.0000
797.6667
830.9999
967.0000
972.0000
989.0000
903.0001
997.5000
955.4000
962.3333
939.5000
855.5000
921.3333
932.0000
979.3333
891.5000
952.0000
876.0000
945.5000
939.0000
907.7500
927.0000
970.7500
952.0001
980.5000
974.0000
916.5000
984.3333
970.0000
880.0000
919.2500
971.6666
978.5000
951.0000
733.6666
981.0000
932.0000
884.0000
940.0000
975.0000
990.3333
928.3333
974.5000
986.0001
903.0000
964.0000
968.0000
965.5000
954.5000
981.7500
903.5000
971.0000
888.0000
889.0000
959.5000
966.4000
894.9999
944.6667
695.5000
816.9999
193.9999
990.0000
774.0000
946.6667
956.0000
975.0000
899.9999
891.6666
933.0000
946.0000
988.0000
989.0000
920.3334
977.6000
920.7500
960.5000
946.0000
961.0000
988.0000
827.0000
959.0000
921.0000
951.3334
939.2500
942.0000
955.0000
950.2500
929.5000
779.0000
936.8000
923.9999
921.0001
904.9999
935.2000
965.0000
953.0000
909.5000
990.0001
972.3334
926.0000
952.0000
944.3333
948.0000
973.5000
962.5000
738.0000
861.0000
909.5000
910.9999
953.7500
918.5000
954.5000
951.0000
832.0000
972.5000
980.0000
963.0000
892.0000
936.0000
966.0000
940.0000
947.7500
966.5000
945.6666
702.0001
765.0000
941.4000
988.6667
976.6000
978.5000
954.6666
983.5000
970.6667
981.3333
943.5000
960.0000
969.5000
925.9999
849.0000
974.0000
950.8000
959.4000
966.6667
959.7500
975.8000
824.0000
966.0000
807.0000
971.0000
935.2000
968.8000
952.3333
973.5000
944.3333
978.5000
883.0000
984.5000
984.0000
966.0000
964.3334
972.0000
934.5000
945.5000
877.0000
925.7500
952.5000
958.0001
969.5000
975.2500
965.5000
920.0000
940.0000
908.0000
944.0000
944.0000
958.6667
962.3333
867.7500
942.6667
991.0000
941.0000
956.0000
946.5000
915.0000
806.0000
987.9999
960.9999
958.6667
879.2500
969.9999
919.0000
953.5000
939.0000
944.0000
962.3333
903.5000
975.3333
900.9999
956.3334
960.6666
977.0000
946.2500
996.0000
911.0000
956.0000
911.0000
917.7500
920.0000
932.0001
978.0000
968.3333
949.0000
936.5000
968.5000
978.0000
884.6667
975.0000
958.5000
885.0000
985.0000
961.0000
867.0001
873.5000
954.0001
965.2000
958.5000
985.0001
973.0001
941.0000
675.5000
948.5000
579.0000
899.0000
986.0000
973.0001
964.4000
872.0001
939.6667
969.0000
963.2500
946.5000
943.0000
940.5000
940.0000
853.0000
976.6667
926.5000
945.0000
935.0000
955.0000
890.0000
953.9999
948.5000
930.3333
960.5000
936.7500
955.0000
980.0000
961.0000
901.9999
873.2500
892.0000
881.0000
932.0000
829.0000
939.5000
982.0000
975.9999
952.3333
882.0000
941.0000
936.3333
963.0000
937.0000
997.0000
976.2500
939.6667
970.3333
953.2500
556.0000
923.6666
943.5000
968.2000
921.2500
926.0000
982.0000
941.0000
988.0000
935.5000
979.4000
978.5000
949.2500
955.0000
983.9999
965.3333
941.0000
993.9999
966.9999
958.3333
956.3334
924.0000
991.9999
966.5714
945.3334
914.0000
879.0000
928.6667
956.0000
963.0000
956.0000
857.0000
950.8333
977.6667
889.0000
921.0000
940.0000
972.5000
922.6667
951.0000
725.0000
978.2500
950.8000
966.0000
938.6667
988.0000
935.0000
929.6666
967.3334
935.0000
978.6667
945.0000
969.5000
866.0001
946.5000
944.5000
987.2500
961.0000
979.5000
896.0001
858.6667
962.6667
897.3334
965.7500
945.7500
965.0000
971.5000
954.0000
968.0000
970.0000
954.5000
952.0000
953.6667
984.5000
970.6667
969.6000
906.0000
952.6667
949.0000
930.0000
915.0000
971.0000
964.8000
951.5000
978.5000
946.6667
967.7500
961.0000
955.5000
938.0000
932.4000
952.0000
933.3334
887.0000
984.3333
910.0000
899.0000
980.0001
995.0000
967.0000
940.5000
970.5000
895.5000
883.0000
961.8000
924.0000
957.5000
956.5000
833.0000
898.0000
986.6000
946.3333
-.-
945.0000
975.0000
973.6000
888.9999
956.6667
965.5000
981.0000
903.0000
965.4000
911.0001
945.2500
964.5000
978.0000
939.6667
891.9999
954.0000
915.6666
934.0000
763.0000
948.0000
954.6000
948.5000
968.3333
952.5000
953.7500
975.0000
972.8000
953.2500
970.3333
983.5000
947.0000
973.0000
945.2500
955.0000
949.6667
949.0000
961.3333
986.0000
938.0000
954.5000
930.3334
984.0000
953.0000
838.0000
968.3334
983.0000
966.0000
936.5000
954.0000
981.5000
968.4000
955.6666
898.0000
958.5000
968.0000
904.0001
689.0000
941.0000
838.0001
948.5000
971.3333
977.0000
995.0000
960.3333
898.3334
925.0000
969.0000
974.6000
950.0000
977.0000
977.0000
978.0000
992.6667
927.0000
967.3333
967.6667
685.0000
996.0000
957.2500
953.0000
909.6667
906.0000
897.5000
917.3334
507.0000
960.5000
927.0000
923.0000
969.9999
958.2500
969.3333
872.0000
979.0000
963.3333
960.0001
967.3333
964.5000
948.0000
558.0000
960.9999
977.0000
421.0000
983.0000
936.2500
956.3333
808.5000
930.0000
935.3333
974.5000
938.0000
960.5000
955.5000
867.0000
952.5000
986.0000
942.6667
933.0000
956.5000
964.0001
973.0000
996.0000
946.0000
966.0000
